[1/21] 千葉市中心: +116 (raw 116) / total 116
[2/21] 稲毛・幕張: +50 (raw 116) / total 166
[3/21] 市原・五井: +120 (raw 120) / total 286
[4/21] 松戸: +119 (raw 119) / total 405
[5/21] 柏・我孫子: +111 (raw 120) / total 516
[6/21] 流山・野田: +99 (raw 119) / total 615
[7/21] 鎌ケ谷・白井: +87 (raw 120) / total 702
[8/21] 市川・浦安: +99 (raw 117) / total 801
[9/21] 船橋: +44 (raw 120) / total 845
[10/21] 習志野・八千代: +42 (raw 120) / total 887
[11/21] 佐倉・四街道: +77 (raw 120) / total 964
[12/21] 印西・白井北: +61 (raw 116) / total 1025
[13/21] 成田・富里: +61 (raw 119) / total 1086
[14/21] 銚子・旭: +116 (raw 120) / total 1202
[15/21] 匝瑳・横芝・八日市場: +63 (raw 118) / total 1265
[16/21] 東金・山武: +50 (raw 120) / total 1315
[17/21] 茂原・一宮: +67 (raw 120) / total 1382
[18/21] 木更津・君津・袖ケ浦: +106 (raw 118) / total 1488
[19/21] 富津・鋸南: +79 (raw 120) / total 1567
[20/21] 館山・南房総: +103 (raw 120) / total 1670
[21/21] 鴨川・勝浦・いすみ: +48 (raw 120) / total 1718

収集完了: 生1718件 → 条件適合 833件 を src/data/shops.json に書き出し
